


ARM Macro Assembler    Page 1 


    1 00000000         ; <<< Use Configuration Wizard in Context Menu >>>
    2 00000000         ;*******************************************************
                       ***********************
    3 00000000         ;
    4 00000000         ; startup_rvmdk.S - Startup code for use with Keil's uVi
                       sion.
    5 00000000         ;
    6 00000000         ; Copyright (c) 2014 Texas Instruments Incorporated.  Al
                       l rights reserved.
    7 00000000         ; TI Information - Selective Disclosure
    8 00000000         ;
    9 00000000         ;*******************************************************
                       ***********************
   10 00000000         
   11 00000000         ;*******************************************************
                       ***********************
   12 00000000         ;
   13 00000000         ; <o> Stack Size (in Bytes) <0x0-0xFFFFFFFF:8>
   14 00000000         ;
   15 00000000         ;*******************************************************
                       ***********************
   16 00000000 00004000 
                       Stack   EQU              0x00004000
   17 00000000         
   18 00000000         ;*******************************************************
                       ***********************
   19 00000000         ;
   20 00000000         ; <o> Heap Size (in Bytes) <0x0-0xFFFFFFFF:8>
   21 00000000         ;
   22 00000000         ;*******************************************************
                       ***********************
   23 00000000 00000000 
                       Heap    EQU              0x00000000
   24 00000000         
   25 00000000         ;*******************************************************
                       ***********************
   26 00000000         ;
   27 00000000         ; Allocate space for the stack.
   28 00000000         ;
   29 00000000         ;*******************************************************
                       ***********************
   30 00000000                 AREA             STACK, NOINIT, READWRITE, ALIGN
=3
   31 00000000         StackMem
   32 00000000                 SPACE            Stack
   33 00004000         __initial_sp
   34 00004000         
   35 00004000         ;*******************************************************
                       ***********************
   36 00004000         ;
   37 00004000         ; Allocate space for the heap.
   38 00004000         ;
   39 00004000         ;*******************************************************
                       ***********************
   40 00004000                 AREA             HEAP, NOINIT, READWRITE, ALIGN=
3
   41 00000000         __heap_base
   42 00000000         HeapMem
   43 00000000                 SPACE            Heap



ARM Macro Assembler    Page 2 


   44 00000000         __heap_limit
   45 00000000         
   46 00000000         ;*******************************************************
                       ***********************
   47 00000000         ;
   48 00000000         ; Indicate that the code in this file preserves 8-byte a
                       lignment of the stack.
   49 00000000         ;
   50 00000000         ;*******************************************************
                       ***********************
   51 00000000                 PRESERVE8
   52 00000000         
   53 00000000         ;*******************************************************
                       ***********************
   54 00000000         ;
   55 00000000         ; Place code into the reset code section.
   56 00000000         ;
   57 00000000         ;*******************************************************
                       ***********************
   58 00000000                 AREA             RESET, CODE, READONLY
   59 00000000                 THUMB
   60 00000000         
   61 00000000         ;*******************************************************
                       ***********************
   62 00000000         ;
   63 00000000         ; External declarations for the interrupt handlers used 
                       by the application.
   64 00000000         ;
   65 00000000         ;*******************************************************
                       ***********************
   66 00000000                 EXTERN           GPIOB_intHandler
   67 00000000                 EXTERN           UARTStdioIntHandler
   68 00000000         
   69 00000000         ;*******************************************************
                       ***********************
   70 00000000         ;
   71 00000000         ; The vector table.
   72 00000000         ;
   73 00000000         ;*******************************************************
                       ***********************
   74 00000000                 EXPORT           __Vectors
   75 00000000         __Vectors
   76 00000000 00004000        DCD              StackMem + Stack ; Top of Stack
                                                            
   77 00000004 00000000        DCD              Reset_Handler ; Reset Handler
   78 00000008 00000000        DCD              NmiSR       ; NMI Handler
   79 0000000C 00000000        DCD              FaultISR    ; Hard Fault Handle
                                                            r
   80 00000010 00000000        DCD              IntDefaultHandler ; The MPU fau
                                                            lt handler
   81 00000014 00000000        DCD              IntDefaultHandler ; The bus fau
                                                            lt handler
   82 00000018 00000000        DCD              IntDefaultHandler ; The usage f
                                                            ault handler
   83 0000001C 00000000        DCD              0           ; Reserved
   84 00000020 00000000        DCD              0           ; Reserved
   85 00000024 00000000        DCD              0           ; Reserved
   86 00000028 00000000        DCD              0           ; Reserved
   87 0000002C 00000000        DCD              IntDefaultHandler 



ARM Macro Assembler    Page 3 


                                                            ; SVCall handler
   88 00000030 00000000        DCD              IntDefaultHandler ; Debug monit
                                                            or handler
   89 00000034 00000000        DCD              0           ; Reserved
   90 00000038 00000000        DCD              IntDefaultHandler ; The PendSV 
                                                            handler
   91 0000003C 00000000        DCD              IntDefaultHandler ; The SysTick
                                                             handler
   92 00000040 00000000        DCD              IntDefaultHandler ; GPIO Port A
                                                            
   93 00000044 00000000        DCD              GPIOB_intHandler ; GPIO Port B
   94 00000048 00000000        DCD              IntDefaultHandler ; GPIO Port C
                                                            
   95 0000004C 00000000        DCD              IntDefaultHandler ; GPIO Port D
                                                            
   96 00000050 00000000        DCD              IntDefaultHandler ; GPIO Port E
                                                            
   97 00000054 00000000        DCD              UARTStdioIntHandler 
                                                            ; UART0 Rx and Tx
   98 00000058 00000000        DCD              IntDefaultHandler 
                                                            ; UART1 Rx and Tx
   99 0000005C 00000000        DCD              IntDefaultHandler 
                                                            ; SSI0 Rx and Tx
  100 00000060 00000000        DCD              IntDefaultHandler ; I2C0 Master
                                                             and Slave
  101 00000064 00000000        DCD              IntDefaultHandler ; PWM Fault
  102 00000068 00000000        DCD              IntDefaultHandler 
                                                            ; PWM Generator 0
  103 0000006C 00000000        DCD              IntDefaultHandler 
                                                            ; PWM Generator 1
  104 00000070 00000000        DCD              IntDefaultHandler 
                                                            ; PWM Generator 2
  105 00000074 00000000        DCD              IntDefaultHandler ; Quadrature 
                                                            Encoder 0
  106 00000078 00000000        DCD              IntDefaultHandler 
                                                            ; ADC Sequence 0
  107 0000007C 00000000        DCD              IntDefaultHandler 
                                                            ; ADC Sequence 1
  108 00000080 00000000        DCD              IntDefaultHandler 
                                                            ; ADC Sequence 2
  109 00000084 00000000        DCD              IntDefaultHandler 
                                                            ; ADC Sequence 3
  110 00000088 00000000        DCD              IntDefaultHandler 
                                                            ; Watchdog timer
  111 0000008C 00000000        DCD              IntDefaultHandler ; Timer 0 sub
                                                            timer A
  112 00000090 00000000        DCD              IntDefaultHandler ; Timer 0 sub
                                                            timer B
  113 00000094 00000000        DCD              IntDefaultHandler ; Timer 1 sub
                                                            timer A
  114 00000098 00000000        DCD              IntDefaultHandler ; Timer 1 sub
                                                            timer B
  115 0000009C 00000000        DCD              IntDefaultHandler ; Timer 2 sub
                                                            timer A
  116 000000A0 00000000        DCD              IntDefaultHandler ; Timer 2 sub
                                                            timer B
  117 000000A4 00000000        DCD              IntDefaultHandler ; Analog Comp
                                                            arator 0
  118 000000A8 00000000        DCD              IntDefaultHandler ; Analog Comp



ARM Macro Assembler    Page 4 


                                                            arator 1
  119 000000AC 00000000        DCD              IntDefaultHandler ; Analog Comp
                                                            arator 2
  120 000000B0 00000000        DCD              IntDefaultHandler ; System Cont
                                                            rol (PLL, OSC, BO)
  121 000000B4 00000000        DCD              IntDefaultHandler 
                                                            ; FLASH Control
  122 000000B8 00000000        DCD              IntDefaultHandler ; GPIO Port F
                                                            
  123 000000BC 00000000        DCD              IntDefaultHandler ; GPIO Port G
                                                            
  124 000000C0 00000000        DCD              IntDefaultHandler ; GPIO Port H
                                                            
  125 000000C4 00000000        DCD              IntDefaultHandler 
                                                            ; UART2 Rx and Tx
  126 000000C8 00000000        DCD              IntDefaultHandler 
                                                            ; SSI1 Rx and Tx
  127 000000CC 00000000        DCD              IntDefaultHandler ; Timer 3 sub
                                                            timer A
  128 000000D0 00000000        DCD              IntDefaultHandler ; Timer 3 sub
                                                            timer B
  129 000000D4 00000000        DCD              IntDefaultHandler ; I2C1 Master
                                                             and Slave
  130 000000D8 00000000        DCD              IntDefaultHandler ; Quadrature 
                                                            Encoder 1
  131 000000DC 00000000        DCD              IntDefaultHandler ; CAN0
  132 000000E0 00000000        DCD              IntDefaultHandler ; CAN1
  133 000000E4 00000000        DCD              0           ; Reserved
  134 000000E8 00000000        DCD              0           ; Reserved
  135 000000EC 00000000        DCD              IntDefaultHandler ; Hibernate
  136 000000F0 00000000        DCD              IntDefaultHandler ; USB0
  137 000000F4 00000000        DCD              IntDefaultHandler 
                                                            ; PWM Generator 3
  138 000000F8 00000000        DCD              IntDefaultHandler ; uDMA Softwa
                                                            re Transfer
  139 000000FC 00000000        DCD              IntDefaultHandler ; uDMA Error
  140 00000100 00000000        DCD              IntDefaultHandler 
                                                            ; ADC1 Sequence 0
  141 00000104 00000000        DCD              IntDefaultHandler 
                                                            ; ADC1 Sequence 1
  142 00000108 00000000        DCD              IntDefaultHandler 
                                                            ; ADC1 Sequence 2
  143 0000010C 00000000        DCD              IntDefaultHandler 
                                                            ; ADC1 Sequence 3
  144 00000110 00000000        DCD              0           ; Reserved
  145 00000114 00000000        DCD              0           ; Reserved
  146 00000118 00000000        DCD              IntDefaultHandler ; GPIO Port J
                                                            
  147 0000011C 00000000        DCD              IntDefaultHandler ; GPIO Port K
                                                            
  148 00000120 00000000        DCD              IntDefaultHandler ; GPIO Port L
                                                            
  149 00000124 00000000        DCD              IntDefaultHandler 
                                                            ; SSI2 Rx and Tx
  150 00000128 00000000        DCD              IntDefaultHandler 
                                                            ; SSI3 Rx and Tx
  151 0000012C 00000000        DCD              IntDefaultHandler 
                                                            ; UART3 Rx and Tx
  152 00000130 00000000        DCD              IntDefaultHandler 



ARM Macro Assembler    Page 5 


                                                            ; UART4 Rx and Tx
  153 00000134 00000000        DCD              IntDefaultHandler 
                                                            ; UART5 Rx and Tx
  154 00000138 00000000        DCD              IntDefaultHandler 
                                                            ; UART6 Rx and Tx
  155 0000013C 00000000        DCD              IntDefaultHandler 
                                                            ; UART7 Rx and Tx
  156 00000140 00000000        DCD              0           ; Reserved
  157 00000144 00000000        DCD              0           ; Reserved
  158 00000148 00000000        DCD              0           ; Reserved
  159 0000014C 00000000        DCD              0           ; Reserved
  160 00000150 00000000        DCD              IntDefaultHandler ; I2C2 Master
                                                             and Slave
  161 00000154 00000000        DCD              IntDefaultHandler ; I2C3 Master
                                                             and Slave
  162 00000158 00000000        DCD              IntDefaultHandler ; Timer 4 sub
                                                            timer A
  163 0000015C 00000000        DCD              IntDefaultHandler ; Timer 4 sub
                                                            timer B
  164 00000160 00000000        DCD              0           ; Reserved
  165 00000164 00000000        DCD              0           ; Reserved
  166 00000168 00000000        DCD              0           ; Reserved
  167 0000016C 00000000        DCD              0           ; Reserved
  168 00000170 00000000        DCD              0           ; Reserved
  169 00000174 00000000        DCD              0           ; Reserved
  170 00000178 00000000        DCD              0           ; Reserved
  171 0000017C 00000000        DCD              0           ; Reserved
  172 00000180 00000000        DCD              0           ; Reserved
  173 00000184 00000000        DCD              0           ; Reserved
  174 00000188 00000000        DCD              0           ; Reserved
  175 0000018C 00000000        DCD              0           ; Reserved
  176 00000190 00000000        DCD              0           ; Reserved
  177 00000194 00000000        DCD              0           ; Reserved
  178 00000198 00000000        DCD              0           ; Reserved
  179 0000019C 00000000        DCD              0           ; Reserved
  180 000001A0 00000000        DCD              0           ; Reserved
  181 000001A4 00000000        DCD              0           ; Reserved
  182 000001A8 00000000        DCD              0           ; Reserved
  183 000001AC 00000000        DCD              0           ; Reserved
  184 000001B0 00000000        DCD              IntDefaultHandler ; Timer 5 sub
                                                            timer A
  185 000001B4 00000000        DCD              IntDefaultHandler ; Timer 5 sub
                                                            timer B
  186 000001B8 00000000        DCD              IntDefaultHandler ; Wide Timer 
                                                            0 subtimer A
  187 000001BC 00000000        DCD              IntDefaultHandler ; Wide Timer 
                                                            0 subtimer B
  188 000001C0 00000000        DCD              IntDefaultHandler ; Wide Timer 
                                                            1 subtimer A
  189 000001C4 00000000        DCD              IntDefaultHandler ; Wide Timer 
                                                            1 subtimer B
  190 000001C8 00000000        DCD              IntDefaultHandler ; Wide Timer 
                                                            2 subtimer A
  191 000001CC 00000000        DCD              IntDefaultHandler ; Wide Timer 
                                                            2 subtimer B
  192 000001D0 00000000        DCD              IntDefaultHandler ; Wide Timer 
                                                            3 subtimer A
  193 000001D4 00000000        DCD              IntDefaultHandler ; Wide Timer 
                                                            3 subtimer B



ARM Macro Assembler    Page 6 


  194 000001D8 00000000        DCD              IntDefaultHandler ; Wide Timer 
                                                            4 subtimer A
  195 000001DC 00000000        DCD              IntDefaultHandler ; Wide Timer 
                                                            4 subtimer B
  196 000001E0 00000000        DCD              IntDefaultHandler ; Wide Timer 
                                                            5 subtimer A
  197 000001E4 00000000        DCD              IntDefaultHandler ; Wide Timer 
                                                            5 subtimer B
  198 000001E8 00000000        DCD              IntDefaultHandler ; FPU
  199 000001EC 00000000        DCD              0           ; Reserved
  200 000001F0 00000000        DCD              0           ; Reserved
  201 000001F4 00000000        DCD              IntDefaultHandler ; I2C4 Master
                                                             and Slave
  202 000001F8 00000000        DCD              IntDefaultHandler ; I2C5 Master
                                                             and Slave
  203 000001FC 00000000        DCD              IntDefaultHandler ; GPIO Port M
                                                            
  204 00000200 00000000        DCD              IntDefaultHandler ; GPIO Port N
                                                            
  205 00000204 00000000        DCD              IntDefaultHandler ; Quadrature 
                                                            Encoder 2
  206 00000208 00000000        DCD              0           ; Reserved
  207 0000020C 00000000        DCD              0           ; Reserved
  208 00000210 00000000        DCD              IntDefaultHandler ; GPIO Port P
                                                             (Summary or P0)
  209 00000214 00000000        DCD              IntDefaultHandler 
                                                            ; GPIO Port P1
  210 00000218 00000000        DCD              IntDefaultHandler 
                                                            ; GPIO Port P2
  211 0000021C 00000000        DCD              IntDefaultHandler 
                                                            ; GPIO Port P3
  212 00000220 00000000        DCD              IntDefaultHandler 
                                                            ; GPIO Port P4
  213 00000224 00000000        DCD              IntDefaultHandler 
                                                            ; GPIO Port P5
  214 00000228 00000000        DCD              IntDefaultHandler 
                                                            ; GPIO Port P6
  215 0000022C 00000000        DCD              IntDefaultHandler 
                                                            ; GPIO Port P7
  216 00000230 00000000        DCD              IntDefaultHandler ; GPIO Port Q
                                                             (Summary or Q0)
  217 00000234 00000000        DCD              IntDefaultHandler 
                                                            ; GPIO Port Q1
  218 00000238 00000000        DCD              IntDefaultHandler 
                                                            ; GPIO Port Q2
  219 0000023C 00000000        DCD              IntDefaultHandler 
                                                            ; GPIO Port Q3
  220 00000240 00000000        DCD              IntDefaultHandler 
                                                            ; GPIO Port Q4
  221 00000244 00000000        DCD              IntDefaultHandler 
                                                            ; GPIO Port Q5
  222 00000248 00000000        DCD              IntDefaultHandler 
                                                            ; GPIO Port Q6
  223 0000024C 00000000        DCD              IntDefaultHandler 
                                                            ; GPIO Port Q7
  224 00000250 00000000        DCD              IntDefaultHandler ; GPIO Port R
                                                            
  225 00000254 00000000        DCD              IntDefaultHandler ; GPIO Port S
                                                            



ARM Macro Assembler    Page 7 


  226 00000258 00000000        DCD              IntDefaultHandler 
                                                            ; PWM 1 Generator 0
                                                            
  227 0000025C 00000000        DCD              IntDefaultHandler 
                                                            ; PWM 1 Generator 1
                                                            
  228 00000260 00000000        DCD              IntDefaultHandler 
                                                            ; PWM 1 Generator 2
                                                            
  229 00000264 00000000        DCD              IntDefaultHandler 
                                                            ; PWM 1 Generator 3
                                                            
  230 00000268 00000000        DCD              IntDefaultHandler ; PWM 1 Fault
                                                            
  231 0000026C         
  232 0000026C         ;*******************************************************
                       ***********************
  233 0000026C         ;
  234 0000026C         ; This is the code that gets called when the processor f
                       irst starts execution
  235 0000026C         ; following a reset event.
  236 0000026C         ;
  237 0000026C         ;*******************************************************
                       ***********************
  238 0000026C                 EXPORT           Reset_Handler
  239 0000026C         Reset_Handler
  240 0000026C         ;
  241 0000026C         ; Enable the floating-point unit.  This must be done her
                       e to handle the
  242 0000026C         ; case where main() uses floating-point and the function
                        prologue saves
  243 0000026C         ; floating-point registers (which will fault if floating
                       -point is not
  244 0000026C         ; enabled).  Any configuration of the floating-point uni
                       t using
  245 0000026C         ; DriverLib APIs must be done here prior to the floating
                       -point unit
  246 0000026C         ; being enabled.
  247 0000026C         ;
  248 0000026C         ; Note that this does not use DriverLib since it might n
                       ot be included
  249 0000026C         ; in this project.
  250 0000026C         ;
  251 0000026C F64E 5088       MOVW             R0, #0xED88
  252 00000270 F2CE 0000       MOVT             R0, #0xE000
  253 00000274 6801            LDR              R1, [R0]
  254 00000276 F441 0170       ORR              R1, #0x00F00000
  255 0000027A 6001            STR              R1, [R0]
  256 0000027C         
  257 0000027C         ;
  258 0000027C         ; Call the C library enty point that handles startup.  T
                       his will copy
  259 0000027C         ; the .data section initializers from flash to SRAM and 
                       zero fill the
  260 0000027C         ; .bss section.
  261 0000027C         ;
  262 0000027C                 IMPORT           __main
  263 0000027C F7FF BFFE       B                __main
  264 00000280         



ARM Macro Assembler    Page 8 


  265 00000280         ;*******************************************************
                       ***********************
  266 00000280         ;
  267 00000280         ; This is the code that gets called when the processor r
                       eceives a NMI.  This
  268 00000280         ; simply enters an infinite loop, preserving the system 
                       state for examination
  269 00000280         ; by a debugger.
  270 00000280         ;
  271 00000280         ;*******************************************************
                       ***********************
  272 00000280         NmiSR
  273 00000280 E7FE            B                NmiSR
  274 00000282         
  275 00000282         ;*******************************************************
                       ***********************
  276 00000282         ;
  277 00000282         ; This is the code that gets called when the processor r
                       eceives a fault
  278 00000282         ; interrupt.  This simply enters an infinite loop, prese
                       rving the system state
  279 00000282         ; for examination by a debugger.
  280 00000282         ;
  281 00000282         ;*******************************************************
                       ***********************
  282 00000282         FaultISR
  283 00000282 E7FE            B                FaultISR
  284 00000284         
  285 00000284         ;*******************************************************
                       ***********************
  286 00000284         ;
  287 00000284         ; This is the code that gets called when the processor r
                       eceives an unexpected
  288 00000284         ; interrupt.  This simply enters an infinite loop, prese
                       rving the system state
  289 00000284         ; for examination by a debugger.
  290 00000284         ;
  291 00000284         ;*******************************************************
                       ***********************
  292 00000284         IntDefaultHandler
  293 00000284 E7FE            B                IntDefaultHandler
  294 00000286         
  295 00000286         ;*******************************************************
                       ***********************
  296 00000286         ;
  297 00000286         ; Make sure the end of this section is aligned.
  298 00000286         ;
  299 00000286         ;*******************************************************
                       ***********************
  300 00000286 00 00           ALIGN
  301 00000288         
  302 00000288         ;*******************************************************
                       ***********************
  303 00000288         ;
  304 00000288         ; Some code in the normal code section for initializing 
                       the heap and stack.
  305 00000288         ;
  306 00000288         ;*******************************************************
                       ***********************



ARM Macro Assembler    Page 9 


  307 00000288                 AREA             |.text|, CODE, READONLY
  308 00000000         
  309 00000000         ;*******************************************************
                       ***********************
  310 00000000         ;
  311 00000000         ; The function expected of the C library startup code fo
                       r defining the stack
  312 00000000         ; and heap memory locations.  For the C library version 
                       of the startup code,
  313 00000000         ; provide this function so that the C library initializa
                       tion code can find out
  314 00000000         ; the location of the stack and heap.
  315 00000000         ;
  316 00000000         ;*******************************************************
                       ***********************
  317 00000000                 IF               :DEF: __MICROLIB
  322 00000000                 IMPORT           __use_two_region_memory
  323 00000000                 EXPORT           __user_initial_stackheap
  324 00000000         __user_initial_stackheap
  325 00000000 4802            LDR              R0, =HeapMem
  326 00000002 4903            LDR              R1, =(StackMem + Stack)
  327 00000004 4A01            LDR              R2, =(HeapMem + Heap)
  328 00000006 4B03            LDR              R3, =StackMem
  329 00000008 4770            BX               LR
  330 0000000A                 ENDIF
  331 0000000A         
  332 0000000A         ;*******************************************************
                       ***********************
  333 0000000A         ;
  334 0000000A         ; Make sure the end of this section is aligned.
  335 0000000A         ;
  336 0000000A         ;*******************************************************
                       ***********************
  337 0000000A 00 00           ALIGN
  338 0000000C         
  339 0000000C         ;*******************************************************
                       ***********************
  340 0000000C         ;
  341 0000000C         ; Tell the assembler that we're done.
  342 0000000C         ;
  343 0000000C         ;*******************************************************
                       ***********************
  344 0000000C                 END
              00000000 
              00004000 
              00000000 
Command Line: --debug --xref --diag_suppress=9931 --cpu=Cortex-M4 --apcs=interw
ork --depend=.\objects\startup_rvmdk.d -o.\objects\startup_rvmdk.o -I.\RTE\_IoT
_Wifi_Coms -IC:\Keil_v5\ARM\PACK\Keil\TM4C_DFP\1.1.0\Device\Include\TM4C123 -IC
:\Keil_v5\ARM\CMSIS\Include --predefine="__EVAL SETA 1" --predefine="__UVISION_
VERSION SETA 526" --predefine="TM4C123GH6PM SETA 1" --list=.\listings\startup_r
vmdk.lst startup_rvmdk.S



ARM Macro Assembler    Page 1 Alphabetic symbol ordering
Relocatable symbols

STACK 00000000

Symbol: STACK
   Definitions
      At line 30 in file startup_rvmdk.S
   Uses
      None
Comment: STACK unused
StackMem 00000000

Symbol: StackMem
   Definitions
      At line 31 in file startup_rvmdk.S
   Uses
      At line 76 in file startup_rvmdk.S
      At line 326 in file startup_rvmdk.S
      At line 328 in file startup_rvmdk.S

__initial_sp 00004000

Symbol: __initial_sp
   Definitions
      At line 33 in file startup_rvmdk.S
   Uses
      None
Comment: __initial_sp unused
3 symbols



ARM Macro Assembler    Page 1 Alphabetic symbol ordering
Relocatable symbols

HEAP 00000000

Symbol: HEAP
   Definitions
      At line 40 in file startup_rvmdk.S
   Uses
      None
Comment: HEAP unused
HeapMem 00000000

Symbol: HeapMem
   Definitions
      At line 42 in file startup_rvmdk.S
   Uses
      At line 325 in file startup_rvmdk.S
      At line 327 in file startup_rvmdk.S

__heap_base 00000000

Symbol: __heap_base
   Definitions
      At line 41 in file startup_rvmdk.S
   Uses
      None
Comment: __heap_base unused
__heap_limit 00000000

Symbol: __heap_limit
   Definitions
      At line 44 in file startup_rvmdk.S
   Uses
      None
Comment: __heap_limit unused
4 symbols



ARM Macro Assembler    Page 1 Alphabetic symbol ordering
Relocatable symbols

FaultISR 00000282

Symbol: FaultISR
   Definitions
      At line 282 in file startup_rvmdk.S
   Uses
      At line 79 in file startup_rvmdk.S
      At line 283 in file startup_rvmdk.S

IntDefaultHandler 00000284

Symbol: IntDefaultHandler
   Definitions
      At line 292 in file startup_rvmdk.S
   Uses
      At line 80 in file startup_rvmdk.S
      At line 81 in file startup_rvmdk.S
      At line 82 in file startup_rvmdk.S
      At line 87 in file startup_rvmdk.S
      At line 88 in file startup_rvmdk.S
      At line 90 in file startup_rvmdk.S
      At line 91 in file startup_rvmdk.S
      At line 92 in file startup_rvmdk.S
      At line 94 in file startup_rvmdk.S
      At line 95 in file startup_rvmdk.S
      At line 96 in file startup_rvmdk.S
      At line 98 in file startup_rvmdk.S
      At line 99 in file startup_rvmdk.S
      At line 100 in file startup_rvmdk.S
      At line 101 in file startup_rvmdk.S
      At line 102 in file startup_rvmdk.S
      At line 103 in file startup_rvmdk.S
      At line 104 in file startup_rvmdk.S
      At line 105 in file startup_rvmdk.S
      At line 106 in file startup_rvmdk.S
      At line 107 in file startup_rvmdk.S
      At line 108 in file startup_rvmdk.S
      At line 109 in file startup_rvmdk.S
      At line 110 in file startup_rvmdk.S
      At line 111 in file startup_rvmdk.S
      At line 112 in file startup_rvmdk.S
      At line 113 in file startup_rvmdk.S
      At line 114 in file startup_rvmdk.S
      At line 115 in file startup_rvmdk.S
      At line 116 in file startup_rvmdk.S
      At line 117 in file startup_rvmdk.S
      At line 118 in file startup_rvmdk.S
      At line 119 in file startup_rvmdk.S
      At line 120 in file startup_rvmdk.S
      At line 121 in file startup_rvmdk.S
      At line 122 in file startup_rvmdk.S
      At line 123 in file startup_rvmdk.S
      At line 124 in file startup_rvmdk.S
      At line 125 in file startup_rvmdk.S
      At line 126 in file startup_rvmdk.S
      At line 127 in file startup_rvmdk.S
      At line 128 in file startup_rvmdk.S
      At line 129 in file startup_rvmdk.S
      At line 130 in file startup_rvmdk.S



ARM Macro Assembler    Page 2 Alphabetic symbol ordering
Relocatable symbols

      At line 131 in file startup_rvmdk.S
      At line 132 in file startup_rvmdk.S
      At line 135 in file startup_rvmdk.S
      At line 136 in file startup_rvmdk.S
      At line 137 in file startup_rvmdk.S
      At line 138 in file startup_rvmdk.S
      At line 139 in file startup_rvmdk.S
      At line 140 in file startup_rvmdk.S
      At line 141 in file startup_rvmdk.S
      At line 142 in file startup_rvmdk.S
      At line 143 in file startup_rvmdk.S
      At line 146 in file startup_rvmdk.S
      At line 147 in file startup_rvmdk.S
      At line 148 in file startup_rvmdk.S
      At line 149 in file startup_rvmdk.S
      At line 150 in file startup_rvmdk.S
      At line 151 in file startup_rvmdk.S
      At line 152 in file startup_rvmdk.S
      At line 153 in file startup_rvmdk.S
      At line 154 in file startup_rvmdk.S
      At line 155 in file startup_rvmdk.S
      At line 160 in file startup_rvmdk.S
      At line 161 in file startup_rvmdk.S
      At line 162 in file startup_rvmdk.S
      At line 163 in file startup_rvmdk.S
      At line 184 in file startup_rvmdk.S
      At line 185 in file startup_rvmdk.S
      At line 186 in file startup_rvmdk.S
      At line 187 in file startup_rvmdk.S
      At line 188 in file startup_rvmdk.S
      At line 189 in file startup_rvmdk.S
      At line 190 in file startup_rvmdk.S
      At line 191 in file startup_rvmdk.S
      At line 192 in file startup_rvmdk.S
      At line 193 in file startup_rvmdk.S
      At line 194 in file startup_rvmdk.S
      At line 195 in file startup_rvmdk.S
      At line 196 in file startup_rvmdk.S
      At line 197 in file startup_rvmdk.S
      At line 198 in file startup_rvmdk.S
      At line 201 in file startup_rvmdk.S
      At line 202 in file startup_rvmdk.S
      At line 203 in file startup_rvmdk.S
      At line 204 in file startup_rvmdk.S
      At line 205 in file startup_rvmdk.S
      At line 208 in file startup_rvmdk.S
      At line 209 in file startup_rvmdk.S
      At line 210 in file startup_rvmdk.S
      At line 211 in file startup_rvmdk.S
      At line 212 in file startup_rvmdk.S
      At line 213 in file startup_rvmdk.S
      At line 214 in file startup_rvmdk.S
      At line 215 in file startup_rvmdk.S
      At line 216 in file startup_rvmdk.S
      At line 217 in file startup_rvmdk.S
      At line 218 in file startup_rvmdk.S
      At line 219 in file startup_rvmdk.S
      At line 220 in file startup_rvmdk.S
      At line 221 in file startup_rvmdk.S



ARM Macro Assembler    Page 3 Alphabetic symbol ordering
Relocatable symbols

      At line 222 in file startup_rvmdk.S
      At line 223 in file startup_rvmdk.S
      At line 224 in file startup_rvmdk.S
      At line 225 in file startup_rvmdk.S
      At line 226 in file startup_rvmdk.S
      At line 227 in file startup_rvmdk.S
      At line 228 in file startup_rvmdk.S
      At line 229 in file startup_rvmdk.S
      At line 230 in file startup_rvmdk.S
      At line 293 in file startup_rvmdk.S

NmiSR 00000280

Symbol: NmiSR
   Definitions
      At line 272 in file startup_rvmdk.S
   Uses
      At line 78 in file startup_rvmdk.S
      At line 273 in file startup_rvmdk.S

RESET 00000000

Symbol: RESET
   Definitions
      At line 58 in file startup_rvmdk.S
   Uses
      None
Comment: RESET unused
Reset_Handler 0000026C

Symbol: Reset_Handler
   Definitions
      At line 239 in file startup_rvmdk.S
   Uses
      At line 77 in file startup_rvmdk.S
      At line 238 in file startup_rvmdk.S

__Vectors 00000000

Symbol: __Vectors
   Definitions
      At line 75 in file startup_rvmdk.S
   Uses
      At line 74 in file startup_rvmdk.S
Comment: __Vectors used once
6 symbols



ARM Macro Assembler    Page 1 Alphabetic symbol ordering
Relocatable symbols

.text 00000000

Symbol: .text
   Definitions
      At line 307 in file startup_rvmdk.S
   Uses
      None
Comment: .text unused
__user_initial_stackheap 00000000

Symbol: __user_initial_stackheap
   Definitions
      At line 324 in file startup_rvmdk.S
   Uses
      At line 323 in file startup_rvmdk.S
Comment: __user_initial_stackheap used once
2 symbols



ARM Macro Assembler    Page 1 Alphabetic symbol ordering
Absolute symbols

Heap 00000000

Symbol: Heap
   Definitions
      At line 23 in file startup_rvmdk.S
   Uses
      At line 43 in file startup_rvmdk.S
      At line 327 in file startup_rvmdk.S

Stack 00004000

Symbol: Stack
   Definitions
      At line 16 in file startup_rvmdk.S
   Uses
      At line 32 in file startup_rvmdk.S
      At line 76 in file startup_rvmdk.S
      At line 326 in file startup_rvmdk.S

2 symbols



ARM Macro Assembler    Page 1 Alphabetic symbol ordering
External symbols

GPIOB_intHandler 00000000

Symbol: GPIOB_intHandler
   Definitions
      At line 66 in file startup_rvmdk.S
   Uses
      At line 93 in file startup_rvmdk.S
Comment: GPIOB_intHandler used once
UARTStdioIntHandler 00000000

Symbol: UARTStdioIntHandler
   Definitions
      At line 67 in file startup_rvmdk.S
   Uses
      At line 97 in file startup_rvmdk.S
Comment: UARTStdioIntHandler used once
__main 00000000

Symbol: __main
   Definitions
      At line 262 in file startup_rvmdk.S
   Uses
      At line 263 in file startup_rvmdk.S
Comment: __main used once
__use_two_region_memory 00000000

Symbol: __use_two_region_memory
   Definitions
      At line 322 in file startup_rvmdk.S
   Uses
      None
Comment: __use_two_region_memory unused
4 symbols
358 symbols in table
